<?xml version="1.0" encoding="UTF-8"?>
<testng-results skipped="0" failed="1" ignored="0" total="8" passed="7">
  <reporter-output>
  </reporter-output>
  <suite name="Suite" duration-ms="25591" started-at="2020-05-18T23:03:16 PDT" finished-at="2020-05-18T23:03:42 PDT">
    <groups>
    </groups>
    <test name="Test" duration-ms="25591" started-at="2020-05-18T23:03:16 PDT" finished-at="2020-05-18T23:03:42 PDT">
      <class name="Forms_Package.Forms_Test">
        <test-method status="PASS" signature="setUpDriver()[pri:0, instance:Forms_Package.Forms_Test@6e0e048a]" name="setUpDriver" is-config="true" duration-ms="5484" started-at="2020-05-18T23:03:16 PDT" finished-at="2020-05-18T23:03:22 PDT">
          <reporter-output>
          </reporter-output>
        </test-method> <!-- setUpDriver -->
        <test-method status="PASS" signature="setUpReports()[pri:0, instance:Forms_Package.Forms_Test@6e0e048a]" name="setUpReports" is-config="true" duration-ms="194" started-at="2020-05-18T23:03:22 PDT" finished-at="2020-05-18T23:03:22 PDT">
          <reporter-output>
          </reporter-output>
        </test-method> <!-- setUpReports -->
        <test-method status="PASS" signature="TC01_TestLogin()[pri:1, instance:Forms_Package.Forms_Test@6e0e048a]" name="TC01_TestLogin" duration-ms="1010" started-at="2020-05-18T23:03:22 PDT" finished-at="2020-05-18T23:03:23 PDT">
          <reporter-output>
          </reporter-output>
        </test-method> <!-- TC01_TestLogin -->
        <test-method status="PASS" signature="TC02_CreateNewForm()[pri:2, instance:Forms_Package.Forms_Test@6e0e048a]" name="TC02_CreateNewForm" duration-ms="4292" started-at="2020-05-18T23:03:23 PDT" finished-at="2020-05-18T23:03:27 PDT">
          <reporter-output>
          </reporter-output>
        </test-method> <!-- TC02_CreateNewForm -->
        <test-method status="PASS" signature="TC03_TestSearchAndOpenForm()[pri:3, instance:Forms_Package.Forms_Test@6e0e048a]" name="TC03_TestSearchAndOpenForm" duration-ms="2280" started-at="2020-05-18T23:03:27 PDT" finished-at="2020-05-18T23:03:30 PDT">
          <reporter-output>
          </reporter-output>
        </test-method> <!-- TC03_TestSearchAndOpenForm -->
        <test-method status="PASS" signature="TC04_AddNewTextQuestionToFormLayout(java.lang.String, java.lang.String, java.lang.String, java.lang.String, java.lang.String, java.lang.String, java.lang.String, java.lang.String, java.lang.String)[pri:4, instance:Forms_Package.Forms_Test@6e0e048a]" name="TC04_AddNewTextQuestionToFormLayout" duration-ms="2607" started-at="2020-05-18T23:03:30 PDT" data-provider="getDataForTextQuestion" finished-at="2020-05-18T23:03:32 PDT">
          <params>
            <param index="0">
              <value>
                <![CDATA[Text]]>
              </value>
            </param>
            <param index="1">
              <value>
                <![CDATA[Question 1]]>
              </value>
            </param>
            <param index="2">
              <value>
                <![CDATA[Help text 1]]>
              </value>
            </param>
            <param index="3">
              <value>
                <![CDATA[2]]>
              </value>
            </param>
            <param index="4">
              <value>
                <![CDATA[20]]>
              </value>
            </param>
            <param index="5">
              <value>
                <![CDATA[false]]>
              </value>
            </param>
            <param index="6">
              <value>
                <![CDATA[true]]>
              </value>
            </param>
            <param index="7">
              <value>
                <![CDATA[true]]>
              </value>
            </param>
            <param index="8">
              <value>
                <![CDATA[Valid]]>
              </value>
            </param>
          </params>
          <reporter-output>
          </reporter-output>
        </test-method> <!-- TC04_AddNewTextQuestionToFormLayout -->
        <test-method status="FAIL" signature="TC04_AddNewTextQuestionToFormLayout(java.lang.String, java.lang.String, java.lang.String, java.lang.String, java.lang.String, java.lang.String, java.lang.String, java.lang.String, java.lang.String)[pri:4, instance:Forms_Package.Forms_Test@6e0e048a]" name="TC04_AddNewTextQuestionToFormLayout" duration-ms="2473" started-at="2020-05-18T23:03:32 PDT" data-provider="getDataForTextQuestion" finished-at="2020-05-18T23:03:35 PDT">
          <params>
            <param index="0">
              <value>
                <![CDATA[Text]]>
              </value>
            </param>
            <param index="1">
              <value>
                <![CDATA[Question 2]]>
              </value>
            </param>
            <param index="2">
              <value>
                <![CDATA[Help text 2]]>
              </value>
            </param>
            <param index="3">
              <value>
                <![CDATA[15]]>
              </value>
            </param>
            <param index="4">
              <value>
                <![CDATA[5]]>
              </value>
            </param>
            <param index="5">
              <value>
                <![CDATA[true]]>
              </value>
            </param>
            <param index="6">
              <value>
                <![CDATA[false]]>
              </value>
            </param>
            <param index="7">
              <value>
                <![CDATA[true]]>
              </value>
            </param>
            <param index="8">
              <value>
                <![CDATA[Invalid]]>
              </value>
            </param>
          </params>
          <exception class="java.lang.AssertionError">
            <message>
              <![CDATA[Failed: Added New Question Type Text With invalid Data  expected [true] but found [false]]]>
            </message>
            <full-stacktrace>
              <![CDATA[java.lang.AssertionError: Failed: Added New Question Type Text With invalid Data  expected [true] but found [false]
at org.testng.Assert.fail(Assert.java:97)
at org.testng.Assert.failNotEquals(Assert.java:968)
at org.testng.Assert.assertTrue(Assert.java:43)
at Forms_Package.Forms_Test.TC04_AddNewTextQuestionToFormLayout(Forms_Test.java:180)
at sun.reflect.NativeMethodAccessorImpl.invoke0(Native Method)
at sun.reflect.NativeMethodAccessorImpl.invoke(Unknown Source)
at sun.reflect.DelegatingMethodAccessorImpl.invoke(Unknown Source)
at java.lang.reflect.Method.invoke(Unknown Source)
at org.testng.internal.MethodInvocationHelper.invokeMethod(MethodInvocationHelper.java:135)
at org.testng.internal.TestInvoker.invokeMethod(TestInvoker.java:598)
at org.testng.internal.TestInvoker.invokeTestMethod(TestInvoker.java:174)
at org.testng.internal.MethodRunner.runInSequence(MethodRunner.java:46)
at org.testng.internal.TestInvoker$MethodInvocationAgent.invoke(TestInvoker.java:821)
at org.testng.internal.TestInvoker.invokeTestMethods(TestInvoker.java:147)
at org.testng.internal.TestMethodWorker.invokeTestMethods(TestMethodWorker.java:146)
at org.testng.internal.TestMethodWorker.run(TestMethodWorker.java:128)
at java.util.ArrayList.forEach(Unknown Source)
at org.testng.TestRunner.privateRun(TestRunner.java:767)
at org.testng.TestRunner.run(TestRunner.java:588)
at org.testng.SuiteRunner.runTest(SuiteRunner.java:384)
at org.testng.SuiteRunner.runSequentially(SuiteRunner.java:378)
at org.testng.SuiteRunner.privateRun(SuiteRunner.java:337)
at org.testng.SuiteRunner.run(SuiteRunner.java:286)
at org.testng.SuiteRunnerWorker.runSuite(SuiteRunnerWorker.java:53)
at org.testng.SuiteRunnerWorker.run(SuiteRunnerWorker.java:96)
at org.testng.TestNG.runSuitesSequentially(TestNG.java:1214)
at org.testng.TestNG.runSuitesLocally(TestNG.java:1136)
at org.testng.TestNG.runSuites(TestNG.java:1066)
at org.testng.TestNG.run(TestNG.java:1034)
at org.testng.remote.AbstractRemoteTestNG.run(AbstractRemoteTestNG.java:115)
at org.testng.remote.RemoteTestNG.initAndRun(RemoteTestNG.java:251)
at org.testng.remote.RemoteTestNG.main(RemoteTestNG.java:77)
]]>
            </full-stacktrace>
          </exception> <!-- java.lang.AssertionError -->
          <reporter-output>
          </reporter-output>
        </test-method> <!-- TC04_AddNewTextQuestionToFormLayout -->
        <test-method status="PASS" signature="TC05_TestViewForm()[pri:5, instance:Forms_Package.Forms_Test@6e0e048a]" name="TC05_TestViewForm" duration-ms="1241" started-at="2020-05-18T23:03:35 PDT" finished-at="2020-05-18T23:03:36 PDT">
          <reporter-output>
          </reporter-output>
        </test-method> <!-- TC05_TestViewForm -->
        <test-method status="PASS" signature="TC06_TestSubmitForm()[pri:6, instance:Forms_Package.Forms_Test@6e0e048a]" name="TC06_TestSubmitForm" duration-ms="2294" started-at="2020-05-18T23:03:36 PDT" finished-at="2020-05-18T23:03:38 PDT">
          <reporter-output>
          </reporter-output>
        </test-method> <!-- TC06_TestSubmitForm -->
        <test-method status="PASS" signature="TC07_TestResponseSubmitted()[pri:7, instance:Forms_Package.Forms_Test@6e0e048a]" name="TC07_TestResponseSubmitted" duration-ms="1682" started-at="2020-05-18T23:03:38 PDT" finished-at="2020-05-18T23:03:40 PDT">
          <reporter-output>
          </reporter-output>
        </test-method> <!-- TC07_TestResponseSubmitted -->
        <test-method status="PASS" signature="tearDownDriver()[pri:0, instance:Forms_Package.Forms_Test@6e0e048a]" name="tearDownDriver" is-config="true" duration-ms="1959" started-at="2020-05-18T23:03:40 PDT" finished-at="2020-05-18T23:03:42 PDT">
          <reporter-output>
          </reporter-output>
        </test-method> <!-- tearDownDriver -->
      </class> <!-- Forms_Package.Forms_Test -->
    </test> <!-- Test -->
  </suite> <!-- Suite -->
</testng-results>
