<?xml version="1.0" encoding="UTF-8"?>
<!-- Generated by org.testng.reporters.JUnitReportReporter -->
<testsuite skipped="0" hostname="SAITDEV13" name="Forms_Package.Forms_Test" tests="8" failures="1" timestamp="2020-05-18T23:03:42 PDT" time="17.879" errors="0">
  <testcase name="TC01_TestLogin" time="1.010" classname="Forms_Package.Forms_Test"/>
  <system-out/>
  <testcase name="TC02_CreateNewForm" time="4.292" classname="Forms_Package.Forms_Test"/>
  <system-out/>
  <testcase name="TC03_TestSearchAndOpenForm" time="2.280" classname="Forms_Package.Forms_Test"/>
  <system-out/>
  <testcase name="TC04_AddNewTextQuestionToFormLayout" time="2.607" classname="Forms_Package.Forms_Test"/>
  <system-out/>
  <testcase name="TC04_AddNewTextQuestionToFormLayout" time="2.473" classname="Forms_Package.Forms_Test">
    <failure type="java.lang.AssertionError" message="Failed: Added New Question Type Text With invalid Data  expected [true] but found [false]">
      <![CDATA[java.lang.AssertionError: Failed: Added New Question Type Text With invalid Data  expected [true] but found [false]
at org.testng.Assert.fail(Assert.java:97)
at org.testng.Assert.failNotEquals(Assert.java:968)
at org.testng.Assert.assertTrue(Assert.java:43)
at Forms_Package.Forms_Test.TC04_AddNewTextQuestionToFormLayout(Forms_Test.java:180)
at sun.reflect.NativeMethodAccessorImpl.invoke0(Native Method)
at sun.reflect.NativeMethodAccessorImpl.invoke(Unknown Source)
at sun.reflect.DelegatingMethodAccessorImpl.invoke(Unknown Source)
at java.lang.reflect.Method.invoke(Unknown Source)
at org.testng.internal.MethodInvocationHelper.invokeMethod(MethodInvocationHelper.java:135)
at org.testng.internal.TestInvoker.invokeMethod(TestInvoker.java:598)
at org.testng.internal.TestInvoker.invokeTestMethod(TestInvoker.java:174)
at org.testng.internal.MethodRunner.runInSequence(MethodRunner.java:46)
at org.testng.internal.TestInvoker$MethodInvocationAgent.invoke(TestInvoker.java:821)
at org.testng.internal.TestInvoker.invokeTestMethods(TestInvoker.java:147)
at org.testng.internal.TestMethodWorker.invokeTestMethods(TestMethodWorker.java:146)
at org.testng.internal.TestMethodWorker.run(TestMethodWorker.java:128)
at java.util.ArrayList.forEach(Unknown Source)
at org.testng.TestRunner.privateRun(TestRunner.java:767)
at org.testng.TestRunner.run(TestRunner.java:588)
at org.testng.SuiteRunner.runTest(SuiteRunner.java:384)
at org.testng.SuiteRunner.runSequentially(SuiteRunner.java:378)
at org.testng.SuiteRunner.privateRun(SuiteRunner.java:337)
at org.testng.SuiteRunner.run(SuiteRunner.java:286)
at org.testng.SuiteRunnerWorker.runSuite(SuiteRunnerWorker.java:53)
at org.testng.SuiteRunnerWorker.run(SuiteRunnerWorker.java:96)
at org.testng.TestNG.runSuitesSequentially(TestNG.java:1214)
at org.testng.TestNG.runSuitesLocally(TestNG.java:1136)
at org.testng.TestNG.runSuites(TestNG.java:1066)
at org.testng.TestNG.run(TestNG.java:1034)
at org.testng.remote.AbstractRemoteTestNG.run(AbstractRemoteTestNG.java:115)
at org.testng.remote.RemoteTestNG.initAndRun(RemoteTestNG.java:251)
at org.testng.remote.RemoteTestNG.main(RemoteTestNG.java:77)
]]>
    </failure>
  </testcase> <!-- TC04_AddNewTextQuestionToFormLayout -->
  <system-out/>
  <testcase name="TC05_TestViewForm" time="1.241" classname="Forms_Package.Forms_Test"/>
  <system-out/>
  <testcase name="TC06_TestSubmitForm" time="2.294" classname="Forms_Package.Forms_Test"/>
  <system-out/>
  <testcase name="TC07_TestResponseSubmitted" time="1.682" classname="Forms_Package.Forms_Test"/>
  <system-out/>
</testsuite> <!-- Forms_Package.Forms_Test -->
